<?xml version="1.0" encoding="UTF-8"?>
<coverage generated="1686518674929" clover="3.2.0">
  <project timestamp="1686518674929" name="All files">
    <metrics statements="49" coveredstatements="46" conditionals="19" coveredconditionals="17" methods="13" coveredmethods="11" elements="81" coveredelements="74" complexity="0" loc="49" ncloc="49" packages="2" files="4" classes="4"/>
    <package name="src">
      <metrics statements="10" coveredstatements="8" conditionals="4" coveredconditionals="3" methods="3" coveredmethods="2"/>
      <file name="App.js" path="D:\Godel\SDET_roadmap\JSProjects\react_pics\my-app\src\App.js">
        <metrics statements="1" coveredstatements="0" conditionals="0" coveredconditionals="0" methods="1" coveredmethods="0"/>
        <line num="5" count="0" type="stmt"/>
      </file>
      <file name="index.js" path="D:\Godel\SDET_roadmap\JSProjects\react_pics\my-app\src\index.js">
        <metrics statements="1" coveredstatements="0" conditionals="0" coveredconditionals="0" methods="0" coveredmethods="0"/>
        <line num="6" count="0" type="stmt"/>
      </file>
      <file name="reportWebVitals.js" path="D:\Godel\SDET_roadmap\JSProjects\react_pics\my-app\src\reportWebVitals.js">
        <metrics statements="8" coveredstatements="8" conditionals="4" coveredconditionals="3" methods="2" coveredmethods="2"/>
        <line num="1" count="1" type="stmt"/>
        <line num="2" count="13" type="cond" truecount="3" falsecount="1"/>
        <line num="3" count="13" type="stmt"/>
        <line num="4" count="13" type="stmt"/>
        <line num="5" count="13" type="stmt"/>
        <line num="6" count="13" type="stmt"/>
        <line num="7" count="13" type="stmt"/>
        <line num="8" count="13" type="stmt"/>
      </file>
    </package>
    <package name="src.components">
      <metrics statements="39" coveredstatements="38" conditionals="15" coveredconditionals="14" methods="10" coveredmethods="9"/>
      <file name="MainPage.jsx" path="D:\Godel\SDET_roadmap\JSProjects\react_pics\my-app\src\components\MainPage.jsx">
        <metrics statements="39" coveredstatements="38" conditionals="15" coveredconditionals="14" methods="10" coveredmethods="9"/>
        <line num="5" count="1" type="stmt"/>
        <line num="6" count="23" type="stmt"/>
        <line num="7" count="22" type="stmt"/>
        <line num="8" count="22" type="stmt"/>
        <line num="9" count="22" type="stmt"/>
        <line num="11" count="22" type="stmt"/>
        <line num="12" count="13" type="stmt"/>
        <line num="13" count="13" type="stmt"/>
        <line num="15" count="117" type="stmt"/>
        <line num="19" count="13" type="stmt"/>
        <line num="20" count="21" type="stmt"/>
        <line num="23" count="1" type="stmt"/>
        <line num="25" count="12" type="stmt"/>
        <line num="26" count="12" type="stmt"/>
        <line num="30" count="22" type="stmt"/>
        <line num="31" count="13" type="stmt"/>
        <line num="32" count="0" type="stmt"/>
        <line num="35" count="13" type="stmt"/>
        <line num="38" count="22" type="stmt"/>
        <line num="39" count="13" type="stmt"/>
        <line num="40" count="13" type="stmt"/>
        <line num="43" count="22" type="stmt"/>
        <line num="44" count="3" type="stmt"/>
        <line num="46" count="3" type="cond" truecount="1" falsecount="1"/>
        <line num="47" count="3" type="stmt"/>
        <line num="48" count="3" type="stmt"/>
        <line num="50" count="3" type="stmt"/>
        <line num="51" count="3" type="stmt"/>
        <line num="54" count="1" type="stmt"/>
        <line num="56" count="1" type="stmt"/>
        <line num="57" count="1" type="stmt"/>
        <line num="59" count="2" type="cond" truecount="2" falsecount="0"/>
        <line num="60" count="1" type="stmt"/>
        <line num="62" count="1" type="stmt"/>
        <line num="63" count="1" type="stmt"/>
        <line num="65" count="2" type="stmt"/>
        <line num="70" count="22" type="stmt"/>
        <line num="81" count="5" type="stmt"/>
        <line num="90" count="9" type="stmt"/>
      </file>
    </package>
  </project>
</coverage>
