{"D:\\Godel\\SDET_roadmap\\JSProjects\\react_pics\\my-app\\src\\App.js": {"path":"D:\\Godel\\SDET_roadmap\\JSProjects\\react_pics\\my-app\\src\\App.js","statementMap":{"0":{"start":{"line":5,"column":2},"end":{"line":9,"column":4}}},"fnMap":{"0":{"name":"App","decl":{"start":{"line":4,"column":9},"end":{"line":4,"column":12}},"loc":{"start":{"line":4,"column":15},"end":{"line":10,"column":1}},"line":4}},"branchMap":{},"s":{"0":0},"f":{"0":0},"b":{}}
,"D:\\Godel\\SDET_roadmap\\JSProjects\\react_pics\\my-app\\src\\index.js": {"path":"D:\\Godel\\SDET_roadmap\\JSProjects\\react_pics\\my-app\\src\\index.js","statementMap":{"0":{"start":{"line":6,"column":0},"end":{"line":11,"column":2}}},"fnMap":{},"branchMap":{},"s":{"0":0},"f":{},"b":{}}
,"D:\\Godel\\SDET_roadmap\\JSProjects\\react_pics\\my-app\\src\\reportWebVitals.js": {"path":"D:\\Godel\\SDET_roadmap\\JSProjects\\react_pics\\my-app\\src\\reportWebVitals.js","statementMap":{"0":{"start":{"line":1,"column":24},"end":{"line":11,"column":1}},"1":{"start":{"line":2,"column":2},"end":{"line":10,"column":3}},"2":{"start":{"line":3,"column":4},"end":{"line":9,"column":7}},"3":{"start":{"line":4,"column":6},"end":{"line":4,"column":26}},"4":{"start":{"line":5,"column":6},"end":{"line":5,"column":26}},"5":{"start":{"line":6,"column":6},"end":{"line":6,"column":26}},"6":{"start":{"line":7,"column":6},"end":{"line":7,"column":26}},"7":{"start":{"line":8,"column":6},"end":{"line":8,"column":27}}},"fnMap":{"0":{"name":"(anonymous_0)","decl":{"start":{"line":1,"column":24},"end":{"line":1,"column":25}},"loc":{"start":{"line":1,"column":39},"end":{"line":11,"column":1}},"line":1},"1":{"name":"(anonymous_1)","decl":{"start":{"line":3,"column":30},"end":{"line":3,"column":31}},"loc":{"start":{"line":3,"column":79},"end":{"line":9,"column":5}},"line":3}},"branchMap":{"0":{"loc":{"start":{"line":2,"column":2},"end":{"line":10,"column":3}},"type":"if","locations":[{"start":{"line":2,"column":2},"end":{"line":10,"column":3}},{"start":{},"end":{}}],"line":2},"1":{"loc":{"start":{"line":2,"column":6},"end":{"line":2,"column":52}},"type":"binary-expr","locations":[{"start":{"line":2,"column":6},"end":{"line":2,"column":17}},{"start":{"line":2,"column":21},"end":{"line":2,"column":52}}],"line":2}},"s":{"0":1,"1":13,"2":13,"3":13,"4":13,"5":13,"6":13,"7":13},"f":{"0":13,"1":13},"b":{"0":[13,0],"1":[13,13]},"_coverageSchema":"1a1c01bbd47fc00a2c39e90264f33305004495a9","hash":"68883b1e496e77cb2b9e3168d5fe8632a21aab94"}
,"D:\\Godel\\SDET_roadmap\\JSProjects\\react_pics\\my-app\\src\\components\\MainPage.jsx": {"path":"D:\\Godel\\SDET_roadmap\\JSProjects\\react_pics\\my-app\\src\\components\\MainPage.jsx","statementMap":{"0":{"start":{"line":5,"column":17},"end":{"line":112,"column":1}},"1":{"start":{"line":6,"column":36},"end":{"line":6,"column":48}},"2":{"start":{"line":7,"column":42},"end":{"line":7,"column":54}},"3":{"start":{"line":8,"column":50},"end":{"line":8,"column":64}},"4":{"start":{"line":9,"column":30},"end":{"line":9,"column":42}},"5":{"start":{"line":11,"column":32},"end":{"line":28,"column":5}},"6":{"start":{"line":12,"column":8},"end":{"line":27,"column":9}},"7":{"start":{"line":13,"column":30},"end":{"line":17,"column":13}},"8":{"start":{"line":15,"column":20},"end":{"line":15,"column":74}},"9":{"start":{"line":19,"column":32},"end":{"line":21,"column":14}},"10":{"start":{"line":20,"column":16},"end":{"line":20,"column":58}},"11":{"start":{"line":23,"column":12},"end":{"line":23,"column":37}},"12":{"start":{"line":25,"column":12},"end":{"line":25,"column":33}},"13":{"start":{"line":26,"column":12},"end":{"line":26,"column":74}},"14":{"start":{"line":30,"column":4},"end":{"line":36,"column":11}},"15":{"start":{"line":31,"column":32},"end":{"line":33,"column":9}},"16":{"start":{"line":32,"column":12},"end":{"line":32,"column":32}},"17":{"start":{"line":35,"column":8},"end":{"line":35,"column":41}},"18":{"start":{"line":38,"column":4},"end":{"line":41,"column":11}},"19":{"start":{"line":39,"column":8},"end":{"line":39,"column":30}},"20":{"start":{"line":40,"column":8},"end":{"line":40,"column":40}},"21":{"start":{"line":43,"column":25},"end":{"line":68,"column":5}},"22":{"start":{"line":44,"column":8},"end":{"line":44,"column":31}},"23":{"start":{"line":46,"column":8},"end":{"line":67,"column":9}},"24":{"start":{"line":47,"column":29},"end":{"line":47,"column":43}},"25":{"start":{"line":48,"column":12},"end":{"line":48,"column":63}},"26":{"start":{"line":50,"column":12},"end":{"line":66,"column":13}},"27":{"start":{"line":51,"column":33},"end":{"line":53,"column":18}},"28":{"start":{"line":54,"column":32},"end":{"line":54,"column":66}},"29":{"start":{"line":56,"column":16},"end":{"line":56,"column":44}},"30":{"start":{"line":57,"column":16},"end":{"line":57,"column":29}},"31":{"start":{"line":59,"column":16},"end":{"line":64,"column":17}},"32":{"start":{"line":60,"column":20},"end":{"line":60,"column":56}},"33":{"start":{"line":62,"column":20},"end":{"line":62,"column":41}},"34":{"start":{"line":63,"column":20},"end":{"line":63,"column":81}},"35":{"start":{"line":65,"column":16},"end":{"line":65,"column":41}},"36":{"start":{"line":70,"column":4},"end":{"line":111,"column":6}},"37":{"start":{"line":81,"column":41},"end":{"line":81,"column":75}},"38":{"start":{"line":90,"column":20},"end":{"line":95,"column":22}}},"fnMap":{"0":{"name":"(anonymous_0)","decl":{"start":{"line":5,"column":17},"end":{"line":5,"column":18}},"loc":{"start":{"line":5,"column":23},"end":{"line":112,"column":1}},"line":5},"1":{"name":"(anonymous_1)","decl":{"start":{"line":11,"column":32},"end":{"line":11,"column":33}},"loc":{"start":{"line":11,"column":44},"end":{"line":28,"column":5}},"line":11},"2":{"name":"(anonymous_2)","decl":{"start":{"line":14,"column":42},"end":{"line":14,"column":43}},"loc":{"start":{"line":15,"column":20},"end":{"line":15,"column":74}},"line":15},"3":{"name":"(anonymous_3)","decl":{"start":{"line":19,"column":46},"end":{"line":19,"column":47}},"loc":{"start":{"line":19,"column":60},"end":{"line":21,"column":13}},"line":19},"4":{"name":"(anonymous_4)","decl":{"start":{"line":30,"column":14},"end":{"line":30,"column":15}},"loc":{"start":{"line":30,"column":20},"end":{"line":36,"column":5}},"line":30},"5":{"name":"(anonymous_5)","decl":{"start":{"line":31,"column":32},"end":{"line":31,"column":33}},"loc":{"start":{"line":31,"column":44},"end":{"line":33,"column":9}},"line":31},"6":{"name":"(anonymous_6)","decl":{"start":{"line":38,"column":14},"end":{"line":38,"column":15}},"loc":{"start":{"line":38,"column":20},"end":{"line":41,"column":5}},"line":38},"7":{"name":"(anonymous_7)","decl":{"start":{"line":43,"column":25},"end":{"line":43,"column":26}},"loc":{"start":{"line":43,"column":42},"end":{"line":68,"column":5}},"line":43},"8":{"name":"(anonymous_8)","decl":{"start":{"line":81,"column":30},"end":{"line":81,"column":31}},"loc":{"start":{"line":81,"column":41},"end":{"line":81,"column":75}},"line":81},"9":{"name":"(anonymous_9)","decl":{"start":{"line":89,"column":30},"end":{"line":89,"column":31}},"loc":{"start":{"line":90,"column":20},"end":{"line":95,"column":22}},"line":90}},"branchMap":{"0":{"loc":{"start":{"line":46,"column":8},"end":{"line":67,"column":9}},"type":"if","locations":[{"start":{"line":46,"column":8},"end":{"line":67,"column":9}},{"start":{},"end":{}}],"line":46},"1":{"loc":{"start":{"line":59,"column":16},"end":{"line":64,"column":17}},"type":"if","locations":[{"start":{"line":59,"column":16},"end":{"line":64,"column":17}},{"start":{"line":61,"column":23},"end":{"line":64,"column":17}}],"line":59},"2":{"loc":{"start":{"line":83,"column":48},"end":{"line":83,"column":89}},"type":"binary-expr","locations":[{"start":{"line":83,"column":48},"end":{"line":83,"column":60}},{"start":{"line":83,"column":64},"end":{"line":83,"column":89}}],"line":83},"3":{"loc":{"start":{"line":86,"column":43},"end":{"line":86,"column":83}},"type":"cond-expr","locations":[{"start":{"line":86,"column":70},"end":{"line":86,"column":78}},{"start":{"line":86,"column":81},"end":{"line":86,"column":83}}],"line":86},"4":{"loc":{"start":{"line":86,"column":43},"end":{"line":86,"column":67}},"type":"binary-expr","locations":[{"start":{"line":86,"column":43},"end":{"line":86,"column":48}},{"start":{"line":86,"column":52},"end":{"line":86,"column":67}}],"line":86},"5":{"loc":{"start":{"line":99,"column":17},"end":{"line":99,"column":73}},"type":"binary-expr","locations":[{"start":{"line":99,"column":17},"end":{"line":99,"column":22}},{"start":{"line":99,"column":26},"end":{"line":99,"column":73}}],"line":99},"6":{"loc":{"start":{"line":100,"column":17},"end":{"line":107,"column":17}},"type":"binary-expr","locations":[{"start":{"line":100,"column":17},"end":{"line":100,"column":23}},{"start":{"line":100,"column":27},"end":{"line":100,"column":42}},{"start":{"line":101,"column":20},"end":{"line":106,"column":22}}],"line":100}},"s":{"0":1,"1":23,"2":22,"3":22,"4":22,"5":22,"6":13,"7":13,"8":117,"9":13,"10":21,"11":1,"12":12,"13":12,"14":22,"15":13,"16":0,"17":13,"18":22,"19":13,"20":13,"21":22,"22":3,"23":3,"24":3,"25":3,"26":3,"27":3,"28":1,"29":1,"30":1,"31":2,"32":1,"33":1,"34":1,"35":2,"36":22,"37":5,"38":9},"f":{"0":23,"1":13,"2":117,"3":21,"4":13,"5":0,"6":13,"7":3,"8":5,"9":9},"b":{"0":[3,0],"1":[1,1],"2":[22,8],"3":[3,19],"4":[22,20],"5":[22,2],"6":[22,20,1]},"_coverageSchema":"1a1c01bbd47fc00a2c39e90264f33305004495a9","hash":"1aa8a620b8443dbccb779b3bc5fa2b2d7841cf1e"}
}
