TN:
SF:src\App.js
FN:4,App
FNF:1
FNH:0
FNDA:0,App
DA:5,0
LF:1
LH:0
BRF:0
BRH:0
end_of_record
TN:
SF:src\index.js
FNF:0
FNH:0
DA:6,0
LF:1
LH:0
BRF:0
BRH:0
end_of_record
TN:
SF:src\reportWebVitals.js
FN:1,(anonymous_0)
FN:3,(anonymous_1)
FNF:2
FNH:2
FNDA:13,(anonymous_0)
FNDA:13,(anonymous_1)
DA:1,1
DA:2,13
DA:3,13
DA:4,13
DA:5,13
DA:6,13
DA:7,13
DA:8,13
LF:8
LH:8
BRDA:2,0,0,13
BRDA:2,0,1,0
BRDA:2,1,0,13
BRDA:2,1,1,13
BRF:4
BRH:3
end_of_record
TN:
SF:src\components\MainPage.jsx
FN:5,(anonymous_0)
FN:11,(anonymous_1)
FN:14,(anonymous_2)
FN:19,(anonymous_3)
FN:30,(anonymous_4)
FN:31,(anonymous_5)
FN:38,(anonymous_6)
FN:43,(anonymous_7)
FN:81,(anonymous_8)
FN:89,(anonymous_9)
FNF:10
FNH:9
FNDA:23,(anonymous_0)
FNDA:13,(anonymous_1)
FNDA:117,(anonymous_2)
FNDA:21,(anonymous_3)
FNDA:13,(anonymous_4)
FNDA:0,(anonymous_5)
FNDA:13,(anonymous_6)
FNDA:3,(anonymous_7)
FNDA:5,(anonymous_8)
FNDA:9,(anonymous_9)
DA:5,1
DA:6,23
DA:7,22
DA:8,22
DA:9,22
DA:11,22
DA:12,13
DA:13,13
DA:15,117
DA:19,13
DA:20,21
DA:23,1
DA:25,12
DA:26,12
DA:30,22
DA:31,13
DA:32,0
DA:35,13
DA:38,22
DA:39,13
DA:40,13
DA:43,22
DA:44,3
DA:46,3
DA:47,3
DA:48,3
DA:50,3
DA:51,3
DA:54,1
DA:56,1
DA:57,1
DA:59,2
DA:60,1
DA:62,1
DA:63,1
DA:65,2
DA:70,22
DA:81,5
DA:90,9
LF:39
LH:38
BRDA:46,0,0,3
BRDA:46,0,1,0
BRDA:59,1,0,1
BRDA:59,1,1,1
BRDA:83,2,0,22
BRDA:83,2,1,8
BRDA:86,3,0,3
BRDA:86,3,1,19
BRDA:86,4,0,22
BRDA:86,4,1,20
BRDA:99,5,0,22
BRDA:99,5,1,2
BRDA:100,6,0,22
BRDA:100,6,1,20
BRDA:100,6,2,1
BRF:15
BRH:14
end_of_record
